<?xml version="1.0" encoding="UTF-8"?>
<!-- Generated by org.testng.reporters.JUnitReportReporter -->
<testsuite hostname="LAPTOP-C09100BS" failures="0" tests="1" name="com.facebook.FacebookTest" time="5.890" errors="0" timestamp="2022-08-02T12:04:34 IST" skipped="0">
  <testcase classname="com.facebook.FacebookTest" name="fbTest" time="5.890"/>
  <system-out/>
</testsuite> <!-- com.facebook.FacebookTest -->
